<?xml version="1.0" encoding="UTF-8"?>
<!-- Generated by org.testng.reporters.JUnitReportReporter -->
<testsuite skipped="0" hostname="JyotiC-PC" name="cyclops.tests.CyclopsGetAPITest" tests="1" failures="0" timestamp="31 Jan 2019 12:24:37 GMT" time="1.299" errors="0">
  <testcase name="getAPITest" time="1.299" classname="cyclops.tests.CyclopsGetAPITest"/>
</testsuite> <!-- cyclops.tests.CyclopsGetAPITest -->
