<?xml version="1.0" encoding="UTF-8"?>
<!-- Generated by org.testng.reporters.JUnitReportReporter -->
<testsuite skipped="0" hostname="JyotiC-PC" name="com.qa.tests.GetAPITest" tests="1" failures="0" timestamp="29 Jan 2019 14:20:26 GMT" time="2.670" errors="0">
  <testcase name="getAPITest" time="2.670" classname="com.qa.tests.GetAPITest"/>
</testsuite> <!-- com.qa.tests.GetAPITest -->
